<?xml version="1.0" encoding="utf-8"?>
<coverage line-rate="0.9525" branch-rate="0.85" version="1.9" timestamp="1673983302" lines-covered="261" lines-valid="274" branches-covered="68" branches-valid="80">
  <sources>
    <source>C:\Users\ypyl\projects\GitBranchUI\GitBranchUI\</source>
  </sources>
  <packages>
    <package name="GitBranchUI" line-rate="0.9525" branch-rate="0.85" complexity="119">
      <classes>
        <class name="GitBranchUI.BaseCommit" filename="BaseCommit.cs" line-rate="0.8887999999999999" branch-rate="1" complexity="4">
          <methods>
            <method name="get_Id" signature="()" line-rate="1" branch-rate="1" complexity="1">
              <lines>
                <line number="11" hits="35" branch="False" />
              </lines>
            </method>
            <method name="get_Branch" signature="()" line-rate="1" branch-rate="1" complexity="1">
              <lines>
                <line number="13" hits="143" branch="False" />
              </lines>
            </method>
            <method name="get_Created" signature="()" line-rate="0" branch-rate="1" complexity="1">
              <lines>
                <line number="15" hits="0" branch="False" />
              </lines>
            </method>
            <method name=".ctor" signature="(System.String,GitBranchUI.Branch)" line-rate="1" branch-rate="1" complexity="1">
              <lines>
                <line number="5" hits="44" branch="False" />
                <line number="6" hits="44" branch="False" />
                <line number="7" hits="44" branch="False" />
                <line number="8" hits="44" branch="False" />
                <line number="9" hits="44" branch="False" />
                <line number="10" hits="44" branch="False" />
              </lines>
            </method>
          </methods>
          <lines>
            <line number="11" hits="35" branch="False" />
            <line number="13" hits="143" branch="False" />
            <line number="15" hits="0" branch="False" />
            <line number="5" hits="44" branch="False" />
            <line number="6" hits="44" branch="False" />
            <line number="7" hits="44" branch="False" />
            <line number="8" hits="44" branch="False" />
            <line number="9" hits="44" branch="False" />
            <line number="10" hits="44" branch="False" />
          </lines>
        </class>
        <class name="GitBranchUI.Branch" filename="Branch.cs" line-rate="0.8571" branch-rate="1" complexity="3">
          <methods>
            <method name="get_Name" signature="()" line-rate="1" branch-rate="1" complexity="1">
              <lines>
                <line number="10" hits="1" branch="False" />
              </lines>
            </method>
            <method name="get_Created" signature="()" line-rate="0" branch-rate="1" complexity="1">
              <lines>
                <line number="11" hits="0" branch="False" />
              </lines>
            </method>
            <method name=".ctor" signature="(System.String)" line-rate="1" branch-rate="1" complexity="1">
              <lines>
                <line number="4" hits="18" branch="False" />
                <line number="5" hits="18" branch="False" />
                <line number="6" hits="18" branch="False" />
                <line number="7" hits="18" branch="False" />
                <line number="8" hits="18" branch="False" />
              </lines>
            </method>
          </methods>
          <lines>
            <line number="10" hits="1" branch="False" />
            <line number="11" hits="0" branch="False" />
            <line number="4" hits="18" branch="False" />
            <line number="5" hits="18" branch="False" />
            <line number="6" hits="18" branch="False" />
            <line number="7" hits="18" branch="False" />
            <line number="8" hits="18" branch="False" />
          </lines>
        </class>
        <class name="GitBranchUI.Commit" filename="Commit.cs" line-rate="1" branch-rate="1" complexity="2">
          <methods>
            <method name="get_Previous" signature="()" line-rate="1" branch-rate="1" complexity="1">
              <lines>
                <line number="10" hits="17" branch="False" />
              </lines>
            </method>
            <method name=".ctor" signature="(System.String,GitBranchUI.Branch,GitBranchUI.BaseCommit)" line-rate="1" branch-rate="1" complexity="1">
              <lines>
                <line number="6" hits="21" branch="False" />
                <line number="7" hits="21" branch="False" />
                <line number="8" hits="21" branch="False" />
                <line number="9" hits="21" branch="False" />
              </lines>
            </method>
          </methods>
          <lines>
            <line number="10" hits="17" branch="False" />
            <line number="6" hits="21" branch="False" />
            <line number="7" hits="21" branch="False" />
            <line number="8" hits="21" branch="False" />
            <line number="9" hits="21" branch="False" />
          </lines>
        </class>
        <class name="GitBranchUI.Init" filename="Init.cs" line-rate="1" branch-rate="1" complexity="1">
          <methods>
            <method name=".ctor" signature="(System.String,GitBranchUI.Branch)" line-rate="1" branch-rate="1" complexity="1">
              <lines>
                <line number="6" hits="13" branch="False" />
                <line number="7" hits="13" branch="False" />
                <line number="8" hits="13" branch="False" />
              </lines>
            </method>
          </methods>
          <lines>
            <line number="6" hits="13" branch="False" />
            <line number="7" hits="13" branch="False" />
            <line number="8" hits="13" branch="False" />
          </lines>
        </class>
        <class name="GitBranchUI.Merge" filename="Merge.cs" line-rate="1" branch-rate="1" complexity="3">
          <methods>
            <method name="get_MergedFrom" signature="()" line-rate="1" branch-rate="1" complexity="1">
              <lines>
                <line number="12" hits="22" branch="False" />
              </lines>
            </method>
            <method name="get_Previous" signature="()" line-rate="1" branch-rate="1" complexity="1">
              <lines>
                <line number="13" hits="10" branch="False" />
              </lines>
            </method>
            <method name=".ctor" signature="(System.String,GitBranchUI.Branch,GitBranchUI.Branch,GitBranchUI.BaseCommit)" line-rate="1" branch-rate="1" complexity="1">
              <lines>
                <line number="6" hits="10" branch="False" />
                <line number="7" hits="10" branch="False" />
                <line number="8" hits="10" branch="False" />
                <line number="9" hits="10" branch="False" />
                <line number="10" hits="10" branch="False" />
              </lines>
            </method>
          </methods>
          <lines>
            <line number="12" hits="22" branch="False" />
            <line number="13" hits="10" branch="False" />
            <line number="6" hits="10" branch="False" />
            <line number="7" hits="10" branch="False" />
            <line number="8" hits="10" branch="False" />
            <line number="9" hits="10" branch="False" />
            <line number="10" hits="10" branch="False" />
          </lines>
        </class>
        <class name="GitBranchUI.GitBranchTree" filename="GitBranchTree.razor" line-rate="0.9395" branch-rate="0.8421" complexity="83">
          <methods>
            <method name="BuildRenderTree" signature="(Microsoft.AspNetCore.Components.Rendering.RenderTreeBuilder)" line-rate="0.8856999999999999" branch-rate="0.9545" complexity="22">
              <lines>
                <line number="5" hits="11" branch="True" condition-coverage="100% (2/2)">
                  <conditions>
                    <condition number="19" type="jump" coverage="100%" />
                  </conditions>
                </line>
                <line number="6" hits="6" branch="False" />
                <line number="8" hits="60" branch="True" condition-coverage="100% (2/2)">
                  <conditions>
                    <condition number="2645" type="jump" coverage="100%" />
                  </conditions>
                </line>
                <line number="9" hits="24" branch="False" />
                <line number="10" hits="24" branch="False" />
                <line number="11" hits="24" branch="False" />
                <line number="12" hits="24" branch="False" />
                <line number="14" hits="24" branch="True" condition-coverage="100% (2/2)">
                  <conditions>
                    <condition number="284" type="jump" coverage="100%" />
                  </conditions>
                </line>
                <line number="15" hits="24" branch="False" />
                <line number="16" hits="24" branch="False" />
                <line number="17" hits="24" branch="False" />
                <line number="19" hits="24" branch="True" condition-coverage="100% (2/2)">
                  <conditions>
                    <condition number="373" type="jump" coverage="100%" />
                  </conditions>
                </line>
                <line number="20" hits="19" branch="False" />
                <line number="21" hits="19" branch="False" />
                <line number="22" hits="19" branch="False" />
                <line number="23" hits="19" branch="False" />
                <line number="24" hits="19" branch="True" condition-coverage="100% (2/2)">
                  <conditions>
                    <condition number="464" type="jump" coverage="100%" />
                  </conditions>
                </line>
                <line number="25" hits="17" branch="False" />
                <line number="27" hits="17" branch="False" />
                <line number="28" hits="2" branch="True" condition-coverage="50% (1/2)">
                  <conditions>
                    <condition number="627" type="jump" coverage="50%" />
                  </conditions>
                </line>
                <line number="29" hits="0" branch="False" />
                <line number="30" hits="0" branch="False" />
                <line number="31" hits="0" branch="False" />
                <line number="32" hits="0" branch="False" />
                <line number="33" hits="0" branch="False" />
                <line number="34" hits="0" branch="False" />
                <line number="35" hits="0" branch="False" />
                <line number="37" hits="0" branch="False" />
                <line number="38" hits="2" branch="True" condition-coverage="100% (2/2)">
                  <conditions>
                    <condition number="1074" type="jump" coverage="100%" />
                  </conditions>
                </line>
                <line number="39" hits="2" branch="False" />
                <line number="40" hits="2" branch="False" />
                <line number="41" hits="2" branch="False" />
                <line number="42" hits="2" branch="False" />
                <line number="43" hits="2" branch="False" />
                <line number="44" hits="2" branch="False" />
                <line number="45" hits="2" branch="False" />
                <line number="47" hits="2" branch="False" />
                <line number="48" hits="19" branch="False" />
                <line number="49" hits="24" branch="True" condition-coverage="100% (2/2)">
                  <conditions>
                    <condition number="1513" type="jump" coverage="100%" />
                  </conditions>
                </line>
                <line number="50" hits="8" branch="False" />
                <line number="51" hits="8" branch="False" />
                <line number="52" hits="8" branch="False" />
                <line number="53" hits="8" branch="False" />
                <line number="54" hits="8" branch="True" condition-coverage="100% (2/2)">
                  <conditions>
                    <condition number="1604" type="jump" coverage="100%" />
                  </conditions>
                </line>
                <line number="55" hits="1" branch="False" />
                <line number="57" hits="1" branch="False" />
                <line number="58" hits="7" branch="True" condition-coverage="100% (2/2)">
                  <conditions>
                    <condition number="1767" type="jump" coverage="100%" />
                  </conditions>
                </line>
                <line number="59" hits="4" branch="False" />
                <line number="60" hits="4" branch="False" />
                <line number="61" hits="4" branch="False" />
                <line number="62" hits="4" branch="False" />
                <line number="63" hits="4" branch="False" />
                <line number="64" hits="4" branch="False" />
                <line number="65" hits="4" branch="False" />
                <line number="67" hits="4" branch="False" />
                <line number="68" hits="3" branch="True" condition-coverage="100% (2/2)">
                  <conditions>
                    <condition number="2200" type="jump" coverage="100%" />
                  </conditions>
                </line>
                <line number="69" hits="3" branch="False" />
                <line number="70" hits="3" branch="False" />
                <line number="71" hits="3" branch="False" />
                <line number="72" hits="3" branch="False" />
                <line number="73" hits="3" branch="False" />
                <line number="74" hits="3" branch="False" />
                <line number="75" hits="3" branch="False" />
                <line number="77" hits="3" branch="False" />
                <line number="78" hits="8" branch="False" />
                <line number="79" hits="24" branch="False" />
                <line number="81" hits="6" branch="False" />
                <line number="83" hits="5" branch="False" />
                <line number="84" hits="5" branch="False" />
                <line number="85" hits="5" branch="False" />
              </lines>
            </method>
            <method name="get_CellWidth" signature="()" line-rate="1" branch-rate="1" complexity="1">
              <lines>
                <line number="89" hits="167" branch="False" />
              </lines>
            </method>
            <method name="get_CellHeight" signature="()" line-rate="1" branch-rate="1" complexity="1">
              <lines>
                <line number="92" hits="244" branch="False" />
              </lines>
            </method>
            <method name="get_Commits" signature="()" line-rate="1" branch-rate="1" complexity="1">
              <lines>
                <line number="95" hits="116" branch="False" />
              </lines>
            </method>
            <method name="get_Height" signature="()" line-rate="1" branch-rate="1" complexity="1">
              <lines>
                <line number="99" hits="84" branch="False" />
              </lines>
            </method>
            <method name="get_Width" signature="()" line-rate="1" branch-rate="1" complexity="1">
              <lines>
                <line number="100" hits="6" branch="False" />
              </lines>
            </method>
            <method name="OnInitialized" signature="()" line-rate="1" branch-rate="1" complexity="1">
              <lines>
                <line number="103" hits="11" branch="False" />
                <line number="104" hits="11" branch="False" />
                <line number="105" hits="11" branch="False" />
              </lines>
            </method>
            <method name="Generate" signature="(System.Collections.Generic.IEnumerable`1&lt;GitBranchUI.BaseCommit&gt;)" line-rate="0.9702" branch-rate="0.82" complexity="50">
              <lines>
                <line number="108" hits="11" branch="False" />
                <line number="109" hits="11" branch="False" />
                <line number="110" hits="104" branch="True" condition-coverage="100% (2/2)">
                  <conditions>
                    <condition number="1952" type="jump" coverage="100%" />
                  </conditions>
                </line>
                <line number="111" hits="38" branch="False" />
                <line number="112" hits="152" branch="True" condition-coverage="100% (2/2)">
                  <conditions>
                    <condition number="71" type="jump" coverage="100%" />
                  </conditions>
                </line>
                <line number="113" hits="1" branch="False" />
                <line number="114" hits="1" branch="False" />
                <line number="115" hits="1" branch="False" />
                <line number="117" hits="37" branch="True" condition-coverage="100% (2/2)">
                  <conditions>
                    <condition number="130" type="jump" coverage="100%" />
                  </conditions>
                </line>
                <line number="118" hits="12" branch="False" />
                <line number="119" hits="12" branch="False" />
                <line number="120" hits="12" branch="True" condition-coverage="100% (2/2)">
                  <conditions>
                    <condition number="169" type="jump" coverage="100%" />
                  </conditions>
                </line>
                <line number="121" hits="1" branch="False" />
                <line number="122" hits="1" branch="False" />
                <line number="123" hits="1" branch="False" />
                <line number="126" hits="11" branch="False" />
                <line number="127" hits="11" branch="False" />
                <line number="128" hits="11" branch="False" />
                <line number="129" hits="11" branch="False" />
                <line number="130" hits="11" branch="False" />
                <line number="131" hits="25" branch="True" condition-coverage="100% (2/2)">
                  <conditions>
                    <condition number="390" type="jump" coverage="100%" />
                  </conditions>
                </line>
                <line number="132" hits="15" branch="False" />
                <line number="133" hits="15" branch="False" />
                <line number="134" hits="15" branch="True" condition-coverage="100% (2/2)">
                  <conditions>
                    <condition number="429" type="jump" coverage="100%" />
                  </conditions>
                </line>
                <line number="135" hits="13" branch="False" />
                <line number="136" hits="33" branch="True" condition-coverage="50% (1/2)">
                  <conditions>
                    <condition number="13" type="jump" coverage="50%" />
                  </conditions>
                </line>
                <line number="137" hits="13" branch="True" condition-coverage="100% (2/2)">
                  <conditions>
                    <condition number="492" type="jump" coverage="100%" />
                  </conditions>
                </line>
                <line number="138" hits="1" branch="False" />
                <line number="139" hits="1" branch="False" />
                <line number="140" hits="1" branch="False" />
                <line number="143" hits="12" branch="False" />
                <line number="144" hits="12" branch="False" />
                <line number="145" hits="12" branch="False" />
                <line number="146" hits="12" branch="False" />
                <line number="148" hits="2" branch="False" />
                <line number="149" hits="2" branch="False" />
                <line number="150" hits="2" branch="True" condition-coverage="100% (2/2)">
                  <conditions>
                    <condition number="725" type="jump" coverage="100%" />
                  </conditions>
                </line>
                <line number="151" hits="1" branch="False" />
                <line number="152" hits="1" branch="False" />
                <line number="153" hits="2" branch="True" condition-coverage="50% (1/2)">
                  <conditions>
                    <condition number="13" type="jump" coverage="50%" />
                  </conditions>
                </line>
                <line number="154" hits="1" branch="False" />
                <line number="155" hits="1" branch="False" />
                <line number="157" hits="1" branch="False" />
                <line number="158" hits="1" branch="False" />
                <line number="159" hits="1" branch="False" />
                <line number="160" hits="1" branch="False" />
                <line number="161" hits="1" branch="False" />
                <line number="162" hits="2" branch="False" />
                <line number="163" hits="14" branch="False" />
                <line number="164" hits="10" branch="True" condition-coverage="50% (1/2)">
                  <conditions>
                    <condition number="945" type="jump" coverage="50%" />
                  </conditions>
                </line>
                <line number="165" hits="10" branch="False" />
                <line number="166" hits="10" branch="False" />
                <line number="167" hits="10" branch="False" />
                <line number="168" hits="10" branch="True" condition-coverage="100% (4/4)">
                  <conditions>
                    <condition number="1003" type="jump" coverage="100%" />
                    <condition number="1017" type="jump" coverage="100%" />
                  </conditions>
                </line>
                <line number="169" hits="6" branch="False" />
                <line number="170" hits="22" branch="True" condition-coverage="50% (1/2)">
                  <conditions>
                    <condition number="13" type="jump" coverage="50%" />
                  </conditions>
                </line>
                <line number="171" hits="15" branch="True" condition-coverage="50% (1/2)">
                  <conditions>
                    <condition number="13" type="jump" coverage="50%" />
                  </conditions>
                </line>
                <line number="172" hits="6" branch="True" condition-coverage="100% (2/2)">
                  <conditions>
                    <condition number="1106" type="jump" coverage="100%" />
                  </conditions>
                </line>
                <line number="173" hits="1" branch="False" />
                <line number="174" hits="1" branch="False" />
                <line number="175" hits="1" branch="False" />
                <line number="178" hits="5" branch="False" />
                <line number="179" hits="5" branch="False" />
                <line number="180" hits="5" branch="False" />
                <line number="181" hits="5" branch="False" />
                <line number="182" hits="4" branch="True" condition-coverage="100% (4/4)">
                  <conditions>
                    <condition number="1304" type="jump" coverage="100%" />
                    <condition number="1318" type="jump" coverage="100%" />
                  </conditions>
                </line>
                <line number="183" hits="2" branch="False" />
                <line number="184" hits="4" branch="True" condition-coverage="50% (1/2)">
                  <conditions>
                    <condition number="13" type="jump" coverage="50%" />
                  </conditions>
                </line>
                <line number="185" hits="2" branch="True" condition-coverage="100% (2/2)">
                  <conditions>
                    <condition number="1381" type="jump" coverage="100%" />
                  </conditions>
                </line>
                <line number="186" hits="1" branch="False" />
                <line number="187" hits="1" branch="False" />
                <line number="188" hits="1" branch="False" />
                <line number="191" hits="1" branch="False" />
                <line number="192" hits="1" branch="False" />
                <line number="193" hits="1" branch="False" />
                <line number="194" hits="1" branch="False" />
                <line number="195" hits="1" branch="False" />
                <line number="196" hits="1" branch="False" />
                <line number="197" hits="2" branch="True" condition-coverage="75% (3/4)">
                  <conditions>
                    <condition number="1619" type="jump" coverage="50%" />
                    <condition number="1633" type="jump" coverage="100%" />
                  </conditions>
                </line>
                <line number="198" hits="1" branch="False" />
                <line number="199" hits="2" branch="True" condition-coverage="50% (1/2)">
                  <conditions>
                    <condition number="13" type="jump" coverage="50%" />
                  </conditions>
                </line>
                <line number="200" hits="1" branch="False" />
                <line number="201" hits="1" branch="False" />
                <line number="202" hits="1" branch="False" />
                <line number="203" hits="1" branch="False" />
                <line number="204" hits="1" branch="True" condition-coverage="75% (3/4)">
                  <conditions>
                    <condition number="1756" type="jump" coverage="50%" />
                    <condition number="1770" type="jump" coverage="100%" />
                  </conditions>
                </line>
                <line number="205" hits="1" branch="False" />
                <line number="206" hits="1" branch="False" />
                <line number="207" hits="1" branch="False" />
                <line number="208" hits="1" branch="False" />
                <line number="209" hits="1" branch="False" />
                <line number="210" hits="1" branch="False" />
                <line number="211" hits="1" branch="False" />
                <line number="212" hits="8" branch="False" />
                <line number="214" hits="0" branch="False" />
                <line number="215" hits="0" branch="False" />
                <line number="216" hits="0" branch="False" />
                <line number="218" hits="33" branch="False" />
                <line number="219" hits="33" branch="False" />
                <line number="220" hits="11" branch="False" />
                <line number="221" hits="11" branch="False" />
              </lines>
            </method>
            <method name="IsEqual" signature="(GitBranchUI.GitBranchTree/Maybe`1&lt;GitBranchUI.BaseCommit&gt;,GitBranchUI.BaseCommit)" line-rate="1" branch-rate="0.5" complexity="2">
              <lines>
                <line number="224" hits="135" branch="True" condition-coverage="50% (1/2)">
                  <conditions>
                    <condition number="8" type="jump" coverage="50%" />
                  </conditions>
                </line>
              </lines>
            </method>
            <method name="ToString" signature="(GitBranchUI.GitBranchTree/Maybe`1&lt;GitBranchUI.BaseCommit&gt;)" line-rate="1" branch-rate="0.5" complexity="2">
              <lines>
                <line number="227" hits="3" branch="True" condition-coverage="50% (1/2)">
                  <conditions>
                    <condition number="8" type="jump" coverage="50%" />
                  </conditions>
                </line>
              </lines>
            </method>
            <method name=".ctor" signature="()" line-rate="1" branch-rate="1" complexity="1">
              <lines>
                <line number="97" hits="11" branch="False" />
              </lines>
            </method>
          </methods>
          <lines>
            <line number="5" hits="11" branch="True" condition-coverage="100% (2/2)">
              <conditions>
                <condition number="19" type="jump" coverage="100%" />
              </conditions>
            </line>
            <line number="6" hits="6" branch="False" />
            <line number="8" hits="60" branch="True" condition-coverage="100% (2/2)">
              <conditions>
                <condition number="2645" type="jump" coverage="100%" />
              </conditions>
            </line>
            <line number="9" hits="24" branch="False" />
            <line number="10" hits="24" branch="False" />
            <line number="11" hits="24" branch="False" />
            <line number="12" hits="24" branch="False" />
            <line number="14" hits="24" branch="True" condition-coverage="100% (2/2)">
              <conditions>
                <condition number="284" type="jump" coverage="100%" />
              </conditions>
            </line>
            <line number="15" hits="24" branch="False" />
            <line number="16" hits="24" branch="False" />
            <line number="17" hits="24" branch="False" />
            <line number="19" hits="24" branch="True" condition-coverage="100% (2/2)">
              <conditions>
                <condition number="373" type="jump" coverage="100%" />
              </conditions>
            </line>
            <line number="20" hits="19" branch="False" />
            <line number="21" hits="19" branch="False" />
            <line number="22" hits="19" branch="False" />
            <line number="23" hits="19" branch="False" />
            <line number="24" hits="19" branch="True" condition-coverage="100% (2/2)">
              <conditions>
                <condition number="464" type="jump" coverage="100%" />
              </conditions>
            </line>
            <line number="25" hits="17" branch="False" />
            <line number="27" hits="17" branch="False" />
            <line number="28" hits="2" branch="True" condition-coverage="50% (1/2)">
              <conditions>
                <condition number="627" type="jump" coverage="50%" />
              </conditions>
            </line>
            <line number="29" hits="0" branch="False" />
            <line number="30" hits="0" branch="False" />
            <line number="31" hits="0" branch="False" />
            <line number="32" hits="0" branch="False" />
            <line number="33" hits="0" branch="False" />
            <line number="34" hits="0" branch="False" />
            <line number="35" hits="0" branch="False" />
            <line number="37" hits="0" branch="False" />
            <line number="38" hits="2" branch="True" condition-coverage="100% (2/2)">
              <conditions>
                <condition number="1074" type="jump" coverage="100%" />
              </conditions>
            </line>
            <line number="39" hits="2" branch="False" />
            <line number="40" hits="2" branch="False" />
            <line number="41" hits="2" branch="False" />
            <line number="42" hits="2" branch="False" />
            <line number="43" hits="2" branch="False" />
            <line number="44" hits="2" branch="False" />
            <line number="45" hits="2" branch="False" />
            <line number="47" hits="2" branch="False" />
            <line number="48" hits="19" branch="False" />
            <line number="49" hits="24" branch="True" condition-coverage="100% (2/2)">
              <conditions>
                <condition number="1513" type="jump" coverage="100%" />
              </conditions>
            </line>
            <line number="50" hits="8" branch="False" />
            <line number="51" hits="8" branch="False" />
            <line number="52" hits="8" branch="False" />
            <line number="53" hits="8" branch="False" />
            <line number="54" hits="8" branch="True" condition-coverage="100% (2/2)">
              <conditions>
                <condition number="1604" type="jump" coverage="100%" />
              </conditions>
            </line>
            <line number="55" hits="1" branch="False" />
            <line number="57" hits="1" branch="False" />
            <line number="58" hits="7" branch="True" condition-coverage="100% (2/2)">
              <conditions>
                <condition number="1767" type="jump" coverage="100%" />
              </conditions>
            </line>
            <line number="59" hits="4" branch="False" />
            <line number="60" hits="4" branch="False" />
            <line number="61" hits="4" branch="False" />
            <line number="62" hits="4" branch="False" />
            <line number="63" hits="4" branch="False" />
            <line number="64" hits="4" branch="False" />
            <line number="65" hits="4" branch="False" />
            <line number="67" hits="4" branch="False" />
            <line number="68" hits="3" branch="True" condition-coverage="100% (2/2)">
              <conditions>
                <condition number="2200" type="jump" coverage="100%" />
              </conditions>
            </line>
            <line number="69" hits="3" branch="False" />
            <line number="70" hits="3" branch="False" />
            <line number="71" hits="3" branch="False" />
            <line number="72" hits="3" branch="False" />
            <line number="73" hits="3" branch="False" />
            <line number="74" hits="3" branch="False" />
            <line number="75" hits="3" branch="False" />
            <line number="77" hits="3" branch="False" />
            <line number="78" hits="8" branch="False" />
            <line number="79" hits="24" branch="False" />
            <line number="81" hits="6" branch="False" />
            <line number="83" hits="5" branch="False" />
            <line number="84" hits="5" branch="False" />
            <line number="85" hits="5" branch="False" />
            <line number="89" hits="167" branch="False" />
            <line number="92" hits="244" branch="False" />
            <line number="95" hits="116" branch="False" />
            <line number="99" hits="84" branch="False" />
            <line number="100" hits="6" branch="False" />
            <line number="103" hits="11" branch="False" />
            <line number="104" hits="11" branch="False" />
            <line number="105" hits="11" branch="False" />
            <line number="108" hits="11" branch="False" />
            <line number="109" hits="11" branch="False" />
            <line number="110" hits="104" branch="True" condition-coverage="100% (2/2)">
              <conditions>
                <condition number="1952" type="jump" coverage="100%" />
              </conditions>
            </line>
            <line number="111" hits="38" branch="False" />
            <line number="112" hits="152" branch="True" condition-coverage="100% (2/2)">
              <conditions>
                <condition number="71" type="jump" coverage="100%" />
              </conditions>
            </line>
            <line number="113" hits="1" branch="False" />
            <line number="114" hits="1" branch="False" />
            <line number="115" hits="1" branch="False" />
            <line number="117" hits="37" branch="True" condition-coverage="100% (2/2)">
              <conditions>
                <condition number="130" type="jump" coverage="100%" />
              </conditions>
            </line>
            <line number="118" hits="12" branch="False" />
            <line number="119" hits="12" branch="False" />
            <line number="120" hits="12" branch="True" condition-coverage="100% (2/2)">
              <conditions>
                <condition number="169" type="jump" coverage="100%" />
              </conditions>
            </line>
            <line number="121" hits="1" branch="False" />
            <line number="122" hits="1" branch="False" />
            <line number="123" hits="1" branch="False" />
            <line number="126" hits="11" branch="False" />
            <line number="127" hits="11" branch="False" />
            <line number="128" hits="11" branch="False" />
            <line number="129" hits="11" branch="False" />
            <line number="130" hits="11" branch="False" />
            <line number="131" hits="25" branch="True" condition-coverage="100% (2/2)">
              <conditions>
                <condition number="390" type="jump" coverage="100%" />
              </conditions>
            </line>
            <line number="132" hits="15" branch="False" />
            <line number="133" hits="15" branch="False" />
            <line number="134" hits="15" branch="True" condition-coverage="100% (2/2)">
              <conditions>
                <condition number="429" type="jump" coverage="100%" />
              </conditions>
            </line>
            <line number="135" hits="13" branch="False" />
            <line number="136" hits="33" branch="True" condition-coverage="50% (1/2)">
              <conditions>
                <condition number="13" type="jump" coverage="50%" />
              </conditions>
            </line>
            <line number="137" hits="13" branch="True" condition-coverage="100% (2/2)">
              <conditions>
                <condition number="492" type="jump" coverage="100%" />
              </conditions>
            </line>
            <line number="138" hits="1" branch="False" />
            <line number="139" hits="1" branch="False" />
            <line number="140" hits="1" branch="False" />
            <line number="143" hits="12" branch="False" />
            <line number="144" hits="12" branch="False" />
            <line number="145" hits="12" branch="False" />
            <line number="146" hits="12" branch="False" />
            <line number="148" hits="2" branch="False" />
            <line number="149" hits="2" branch="False" />
            <line number="150" hits="2" branch="True" condition-coverage="100% (2/2)">
              <conditions>
                <condition number="725" type="jump" coverage="100%" />
              </conditions>
            </line>
            <line number="151" hits="1" branch="False" />
            <line number="152" hits="1" branch="False" />
            <line number="153" hits="2" branch="True" condition-coverage="50% (1/2)">
              <conditions>
                <condition number="13" type="jump" coverage="50%" />
              </conditions>
            </line>
            <line number="154" hits="1" branch="False" />
            <line number="155" hits="1" branch="False" />
            <line number="157" hits="1" branch="False" />
            <line number="158" hits="1" branch="False" />
            <line number="159" hits="1" branch="False" />
            <line number="160" hits="1" branch="False" />
            <line number="161" hits="1" branch="False" />
            <line number="162" hits="2" branch="False" />
            <line number="163" hits="14" branch="False" />
            <line number="164" hits="10" branch="True" condition-coverage="50% (1/2)">
              <conditions>
                <condition number="945" type="jump" coverage="50%" />
              </conditions>
            </line>
            <line number="165" hits="10" branch="False" />
            <line number="166" hits="10" branch="False" />
            <line number="167" hits="10" branch="False" />
            <line number="168" hits="10" branch="True" condition-coverage="100% (4/4)">
              <conditions>
                <condition number="1003" type="jump" coverage="100%" />
                <condition number="1017" type="jump" coverage="100%" />
              </conditions>
            </line>
            <line number="169" hits="6" branch="False" />
            <line number="170" hits="22" branch="True" condition-coverage="50% (1/2)">
              <conditions>
                <condition number="13" type="jump" coverage="50%" />
              </conditions>
            </line>
            <line number="171" hits="15" branch="True" condition-coverage="50% (1/2)">
              <conditions>
                <condition number="13" type="jump" coverage="50%" />
              </conditions>
            </line>
            <line number="172" hits="6" branch="True" condition-coverage="100% (2/2)">
              <conditions>
                <condition number="1106" type="jump" coverage="100%" />
              </conditions>
            </line>
            <line number="173" hits="1" branch="False" />
            <line number="174" hits="1" branch="False" />
            <line number="175" hits="1" branch="False" />
            <line number="178" hits="5" branch="False" />
            <line number="179" hits="5" branch="False" />
            <line number="180" hits="5" branch="False" />
            <line number="181" hits="5" branch="False" />
            <line number="182" hits="4" branch="True" condition-coverage="100% (4/4)">
              <conditions>
                <condition number="1304" type="jump" coverage="100%" />
                <condition number="1318" type="jump" coverage="100%" />
              </conditions>
            </line>
            <line number="183" hits="2" branch="False" />
            <line number="184" hits="4" branch="True" condition-coverage="50% (1/2)">
              <conditions>
                <condition number="13" type="jump" coverage="50%" />
              </conditions>
            </line>
            <line number="185" hits="2" branch="True" condition-coverage="100% (2/2)">
              <conditions>
                <condition number="1381" type="jump" coverage="100%" />
              </conditions>
            </line>
            <line number="186" hits="1" branch="False" />
            <line number="187" hits="1" branch="False" />
            <line number="188" hits="1" branch="False" />
            <line number="191" hits="1" branch="False" />
            <line number="192" hits="1" branch="False" />
            <line number="193" hits="1" branch="False" />
            <line number="194" hits="1" branch="False" />
            <line number="195" hits="1" branch="False" />
            <line number="196" hits="1" branch="False" />
            <line number="197" hits="2" branch="True" condition-coverage="75% (3/4)">
              <conditions>
                <condition number="1619" type="jump" coverage="50%" />
                <condition number="1633" type="jump" coverage="100%" />
              </conditions>
            </line>
            <line number="198" hits="1" branch="False" />
            <line number="199" hits="2" branch="True" condition-coverage="50% (1/2)">
              <conditions>
                <condition number="13" type="jump" coverage="50%" />
              </conditions>
            </line>
            <line number="200" hits="1" branch="False" />
            <line number="201" hits="1" branch="False" />
            <line number="202" hits="1" branch="False" />
            <line number="203" hits="1" branch="False" />
            <line number="204" hits="1" branch="True" condition-coverage="75% (3/4)">
              <conditions>
                <condition number="1756" type="jump" coverage="50%" />
                <condition number="1770" type="jump" coverage="100%" />
              </conditions>
            </line>
            <line number="205" hits="1" branch="False" />
            <line number="206" hits="1" branch="False" />
            <line number="207" hits="1" branch="False" />
            <line number="208" hits="1" branch="False" />
            <line number="209" hits="1" branch="False" />
            <line number="210" hits="1" branch="False" />
            <line number="211" hits="1" branch="False" />
            <line number="212" hits="8" branch="False" />
            <line number="214" hits="0" branch="False" />
            <line number="215" hits="0" branch="False" />
            <line number="216" hits="0" branch="False" />
            <line number="218" hits="33" branch="False" />
            <line number="219" hits="33" branch="False" />
            <line number="220" hits="11" branch="False" />
            <line number="221" hits="11" branch="False" />
            <line number="224" hits="135" branch="True" condition-coverage="50% (1/2)">
              <conditions>
                <condition number="8" type="jump" coverage="50%" />
              </conditions>
            </line>
            <line number="227" hits="3" branch="True" condition-coverage="50% (1/2)">
              <conditions>
                <condition number="8" type="jump" coverage="50%" />
              </conditions>
            </line>
            <line number="97" hits="11" branch="False" />
          </lines>
        </class>
        <class name="GitBranchUI.GitBranchTree/ViewModel" filename="GitBranchTree.razor" line-rate="1" branch-rate="1" complexity="11">
          <methods>
            <method name="get_CurrentY" signature="()" line-rate="1" branch-rate="1" complexity="1">
              <lines>
                <line number="231" hits="121" branch="False" />
              </lines>
            </method>
            <method name="get_Error" signature="()" line-rate="1" branch-rate="1" complexity="1">
              <lines>
                <line number="233" hits="43" branch="False" />
              </lines>
            </method>
            <method name="AddBranch" signature="(GitBranchUI.Branch)" line-rate="1" branch-rate="1" complexity="2">
              <lines>
                <line number="236" hits="16" branch="False" />
                <line number="237" hits="16" branch="False" />
                <line number="238" hits="16" branch="True" condition-coverage="100% (2/2)">
                  <conditions>
                    <condition number="35" type="jump" coverage="100%" />
                  </conditions>
                </line>
                <line number="239" hits="16" branch="False" />
                <line number="240" hits="16" branch="False" />
                <line number="241" hits="16" branch="False" />
                <line number="242" hits="16" branch="False" />
              </lines>
            </method>
            <method name="InsertBranch" signature="(GitBranchUI.Branch,System.Int32)" line-rate="1" branch-rate="1" complexity="2">
              <lines>
                <line number="245" hits="1" branch="False" />
                <line number="246" hits="1" branch="False" />
                <line number="247" hits="1" branch="True" condition-coverage="100% (2/2)">
                  <conditions>
                    <condition number="36" type="jump" coverage="100%" />
                  </conditions>
                </line>
                <line number="248" hits="1" branch="False" />
                <line number="249" hits="1" branch="False" />
                <line number="250" hits="1" branch="False" />
                <line number="251" hits="1" branch="False" />
              </lines>
            </method>
            <method name="get_CurrentShifts" signature="()" line-rate="1" branch-rate="1" complexity="1">
              <lines>
                <line number="253" hits="68" branch="False" />
              </lines>
            </method>
            <method name="get_Points" signature="()" line-rate="1" branch-rate="1" complexity="1">
              <lines>
                <line number="255" hits="176" branch="False" />
              </lines>
            </method>
            <method name="get_MaxWidth" signature="()" line-rate="1" branch-rate="1" complexity="1">
              <lines>
                <line number="257" hits="62" branch="False" />
              </lines>
            </method>
            <method name="Up" signature="()" line-rate="1" branch-rate="1" complexity="1">
              <lines>
                <line number="259" hits="33" branch="False" />
              </lines>
            </method>
            <method name=".ctor" signature="()" line-rate="1" branch-rate="1" complexity="1">
              <lines>
                <line number="232" hits="22" branch="False" />
              </lines>
            </method>
          </methods>
          <lines>
            <line number="231" hits="121" branch="False" />
            <line number="233" hits="43" branch="False" />
            <line number="236" hits="16" branch="False" />
            <line number="237" hits="16" branch="False" />
            <line number="238" hits="16" branch="True" condition-coverage="100% (2/2)">
              <conditions>
                <condition number="35" type="jump" coverage="100%" />
              </conditions>
            </line>
            <line number="239" hits="16" branch="False" />
            <line number="240" hits="16" branch="False" />
            <line number="241" hits="16" branch="False" />
            <line number="242" hits="16" branch="False" />
            <line number="245" hits="1" branch="False" />
            <line number="246" hits="1" branch="False" />
            <line number="247" hits="1" branch="True" condition-coverage="100% (2/2)">
              <conditions>
                <condition number="36" type="jump" coverage="100%" />
              </conditions>
            </line>
            <line number="248" hits="1" branch="False" />
            <line number="249" hits="1" branch="False" />
            <line number="250" hits="1" branch="False" />
            <line number="251" hits="1" branch="False" />
            <line number="253" hits="68" branch="False" />
            <line number="255" hits="176" branch="False" />
            <line number="257" hits="62" branch="False" />
            <line number="259" hits="33" branch="False" />
            <line number="232" hits="22" branch="False" />
          </lines>
        </class>
        <class name="GitBranchUI.GitBranchTree/Point" filename="GitBranchTree.razor" line-rate="1" branch-rate="1" complexity="9">
          <methods>
            <method name="get_X" signature="()" line-rate="1" branch-rate="1" complexity="1">
              <lines>
                <line number="264" hits="160" branch="False" />
              </lines>
            </method>
            <method name="get_Y" signature="()" line-rate="1" branch-rate="1" complexity="1">
              <lines>
                <line number="265" hits="78" branch="False" />
              </lines>
            </method>
            <method name="get_Commit" signature="()" line-rate="1" branch-rate="1" complexity="1">
              <lines>
                <line number="266" hits="211" branch="False" />
              </lines>
            </method>
            <method name="get_From" signature="()" line-rate="1" branch-rate="1" complexity="1">
              <lines>
                <line number="267" hits="24" branch="False" />
              </lines>
            </method>
            <method name="get_FromSecond" signature="()" line-rate="1" branch-rate="1" complexity="1">
              <lines>
                <line number="268" hits="24" branch="False" />
              </lines>
            </method>
            <method name=".ctor" signature="(System.Int32,System.Int32)" line-rate="1" branch-rate="1" complexity="1">
              <lines>
                <line number="270" hits="5" branch="False" />
                <line number="271" hits="5" branch="False" />
                <line number="272" hits="5" branch="False" />
                <line number="273" hits="5" branch="False" />
                <line number="274" hits="5" branch="False" />
                <line number="275" hits="5" branch="False" />
                <line number="276" hits="5" branch="False" />
                <line number="277" hits="5" branch="False" />
              </lines>
            </method>
            <method name=".ctor" signature="(System.Int32,System.Int32,GitBranchUI.BaseCommit)" line-rate="1" branch-rate="1" complexity="1">
              <lines>
                <line number="279" hits="11" branch="False" />
                <line number="280" hits="11" branch="False" />
                <line number="281" hits="11" branch="False" />
                <line number="282" hits="11" branch="False" />
                <line number="283" hits="11" branch="False" />
                <line number="284" hits="11" branch="False" />
                <line number="285" hits="11" branch="False" />
                <line number="286" hits="11" branch="False" />
              </lines>
            </method>
            <method name=".ctor" signature="(System.Int32,System.Int32,GitBranchUI.BaseCommit,GitBranchUI.GitBranchTree/Point)" line-rate="1" branch-rate="1" complexity="1">
              <lines>
                <line number="288" hits="14" branch="False" />
                <line number="289" hits="14" branch="False" />
                <line number="290" hits="14" branch="False" />
                <line number="291" hits="14" branch="False" />
                <line number="292" hits="28" branch="False" />
                <line number="293" hits="14" branch="False" />
                <line number="294" hits="14" branch="False" />
                <line number="295" hits="14" branch="False" />
              </lines>
            </method>
            <method name=".ctor" signature="(System.Int32,System.Int32,GitBranchUI.BaseCommit,GitBranchUI.GitBranchTree/Point,GitBranchUI.GitBranchTree/Point)" line-rate="1" branch-rate="1" complexity="1">
              <lines>
                <line number="297" hits="8" branch="False" />
                <line number="298" hits="8" branch="False" />
                <line number="299" hits="8" branch="False" />
                <line number="300" hits="8" branch="False" />
                <line number="301" hits="16" branch="False" />
                <line number="302" hits="8" branch="False" />
                <line number="303" hits="8" branch="False" />
                <line number="304" hits="8" branch="False" />
              </lines>
            </method>
          </methods>
          <lines>
            <line number="264" hits="160" branch="False" />
            <line number="265" hits="78" branch="False" />
            <line number="266" hits="211" branch="False" />
            <line number="267" hits="24" branch="False" />
            <line number="268" hits="24" branch="False" />
            <line number="270" hits="5" branch="False" />
            <line number="271" hits="5" branch="False" />
            <line number="272" hits="5" branch="False" />
            <line number="273" hits="5" branch="False" />
            <line number="274" hits="5" branch="False" />
            <line number="275" hits="5" branch="False" />
            <line number="276" hits="5" branch="False" />
            <line number="277" hits="5" branch="False" />
            <line number="279" hits="11" branch="False" />
            <line number="280" hits="11" branch="False" />
            <line number="281" hits="11" branch="False" />
            <line number="282" hits="11" branch="False" />
            <line number="283" hits="11" branch="False" />
            <line number="284" hits="11" branch="False" />
            <line number="285" hits="11" branch="False" />
            <line number="286" hits="11" branch="False" />
            <line number="288" hits="14" branch="False" />
            <line number="289" hits="14" branch="False" />
            <line number="290" hits="14" branch="False" />
            <line number="291" hits="14" branch="False" />
            <line number="292" hits="28" branch="False" />
            <line number="293" hits="14" branch="False" />
            <line number="294" hits="14" branch="False" />
            <line number="295" hits="14" branch="False" />
            <line number="297" hits="8" branch="False" />
            <line number="298" hits="8" branch="False" />
            <line number="299" hits="8" branch="False" />
            <line number="300" hits="8" branch="False" />
            <line number="301" hits="16" branch="False" />
            <line number="302" hits="8" branch="False" />
            <line number="303" hits="8" branch="False" />
            <line number="304" hits="8" branch="False" />
          </lines>
        </class>
        <class name="GitBranchUI.GitBranchTree/Maybe`1" filename="GitBranchTree.razor" line-rate="1" branch-rate="1" complexity="1">
          <methods>
            <method name=".ctor" signature="()" line-rate="1" branch-rate="1" complexity="1">
              <lines>
                <line number="309" hits="342" branch="False" />
              </lines>
            </method>
          </methods>
          <lines>
            <line number="309" hits="342" branch="False" />
          </lines>
        </class>
        <class name="GitBranchUI.GitBranchTree/Maybe`1/Some" filename="GitBranchTree.razor" line-rate="1" branch-rate="1" complexity="2">
          <methods>
            <method name="get_Value" signature="()" line-rate="1" branch-rate="1" complexity="1">
              <lines>
                <line number="314" hits="238" branch="False" />
              </lines>
            </method>
            <method name=".ctor" signature="(T)" line-rate="1" branch-rate="1" complexity="1">
              <lines>
                <line number="313" hits="126" branch="False" />
              </lines>
            </method>
          </methods>
          <lines>
            <line number="314" hits="238" branch="False" />
            <line number="313" hits="126" branch="False" />
          </lines>
        </class>
      </classes>
    </package>
  </packages>
</coverage>